<?xml version="1.0" encoding="UTF-8"?>
<testng-results ignored="0" total="1" passed="1" failed="0" skipped="0">
  <reporter-output>
  </reporter-output>
  <suite started-at="2021-05-25T20:05:54 IST" name="Default suite" finished-at="2021-05-25T20:06:32 IST" duration-ms="38923">
    <groups>
    </groups>
    <test started-at="2021-05-25T20:05:54 IST" name="Default test" finished-at="2021-05-25T20:06:32 IST" duration-ms="38923">
      <class name="POM_TestCase.Login_WO_findElements_findByAnnotation">
        <test-method signature="login()[pri:0, instance:POM_TestCase.Login_WO_findElements_findByAnnotation@1fb700ee]" started-at="2021-05-25T20:05:54 IST" name="login" finished-at="2021-05-25T20:06:32 IST" duration-ms="38769" status="PASS">
          <reporter-output>
          </reporter-output>
        </test-method> <!-- login -->
      </class> <!-- POM_TestCase.Login_WO_findElements_findByAnnotation -->
    </test> <!-- Default test -->
  </suite> <!-- Default suite -->
</testng-results>
