<?xml version="1.0" encoding="UTF-8"?>
<!-- Generated by org.testng.reporters.JUnitXMLReporter -->
<testsuite ignored="0" hostname="DESKTOP-L3RET2G" failures="0" tests="4" name="hmm" time="81.394" errors="0" timestamp="2021-05-21T19:09:23 IST">
  <testcase classname="TestNG_DataDriven_One.validUNM_validPWD" name="test1" time="21.901"/>
  <testcase classname="TestNG_DataDriven_One.InvalidUNM" name="test2" time="15.696"/>
  <testcase classname="TestNG_DataDriven_One.InvalidPWD" name="test3" time="18.932"/>
  <testcase classname="TestNG_DataDriven_One.BothInvalid" name="test4" time="24.706"/>
</testsuite> <!-- hmm -->
