<?xml version="1.0" encoding="UTF-8"?>
<!-- Generated by org.testng.reporters.JUnitXMLReporter -->
<testsuite ignored="1" hostname="DESKTOP-L3RET2G" failures="0" tests="1" name="TestNG(failed)(failed)" time="3.408" errors="0" timestamp="2021-05-20T13:06:30 IST">
  <testcase classname="TestNG.BeforeAfterSuiteAnnotation" name="google" time="3.4"/>
  <testcase classname="TestNG.BeforeAfterSuiteAnnotation" name="bing" time="0.0">
    <ignored/>
  </testcase> <!-- bing -->
</testsuite> <!-- TestNG(failed)(failed) -->
