<?xml version="1.0" encoding="UTF-8"?>
<!-- Generated by org.testng.reporters.JUnitXMLReporter -->
<testsuite ignored="0" hostname="DESKTOP-L3RET2G" failures="0" tests="7" name="TestNG" time="5.948" errors="0" timestamp="2021-05-20T12:50:11 IST">
  <testcase classname="TestNG.BeforeAfterSuiteAnnotation" name="bing" time="2.271"/>
  <testcase classname="TestNG.BeforeAfterSuiteAnnotation" name="google" time="3.556"/>
  <testcase classname="TestNG.TestUsingPriority" name="startTheCar" time="0.007"/>
  <testcase classname="TestNG.TestUsingPriority" name="firstGear" time="0.003"/>
  <testcase classname="TestNG.TestUsingPriority" name="SecondGear" time="0.002"/>
  <testcase classname="TestNG.TestUsingPriority" name="thirdGear" time="0.003"/>
  <testcase classname="TestNG.TestUsingPriority" name="stopCar" time="0.004"/>
</testsuite> <!-- TestNG -->
