<?xml version="1.0" encoding="UTF-8"?>
<!-- Generated by org.testng.reporters.JUnitXMLReporter -->
<testsuite ignored="2" hostname="DESKTOP-L3RET2G" failures="0" tests="3" name="groups" time="0.23" errors="0" timestamp="2021-05-21T06:35:02 IST">
  <testcase classname="TestNG.UsingGroups" name="moto2" time="0.029"/>
  <testcase classname="TestNG.UsingGroups" name="samsung" time="0.005"/>
  <testcase classname="TestNG.UsingGroups" name="vivo" time="0.007"/>
  <testcase classname="TestNG.UsingGroups" name="moto1" time="0.0">
    <ignored/>
  </testcase> <!-- moto1 -->
  <testcase classname="TestNG.UsingGroups" name="apple" time="0.0">
    <ignored/>
  </testcase> <!-- apple -->
</testsuite> <!-- groups -->
