<?xml version="1.0" encoding="UTF-8"?>
<!-- Generated by org.testng.reporters.JUnitXMLReporter -->
<testsuite ignored="0" hostname="DESKTOP-L3RET2G" failures="0" tests="5" name="test1" time="0.173" errors="0" timestamp="2021-05-20T13:52:46 IST">
  <testcase classname="TestNG.TestUsingPriority" name="startTheCar" time="0.025"/>
  <testcase classname="TestNG.TestUsingPriority" name="firstGear" time="0.006"/>
  <testcase classname="TestNG.TestUsingPriority" name="SecondGear" time="0.006"/>
  <testcase classname="TestNG.TestUsingPriority" name="thirdGear" time="0.003"/>
  <testcase classname="TestNG.TestUsingPriority" name="stopCar" time="0.007"/>
</testsuite> <!-- test1 -->
